build/app/outputs/mapping/release/mapping.txt
# compiler: R8
# compiler_version: 1.5.64
# min_api: 21
# pg_map_id: 8669281
com.dashdash.fitnessapp.MainActivity -> com.dashdash.fitnessapp.MainActivity:
    void configureFlutterEngine(io.flutter.embedding.engine.FlutterEngine) -> b
...
com.google.common.collect.Lists -> b.a.c.b.g:
    boolean equalsImpl(java.util.List,java.lang.Object) -> a
    int indexOfImpl(java.util.List,java.lang.Object) -> b
    int indexOfRandomAccess(java.util.List,java.lang.Object) -> c
    int lastIndexOfImpl(java.util.List,java.lang.Object) -> d
    int lastIndexOfRandomAccess(java.util.List,java.lang.Object) -> e
com.google.common.collect.ObjectArrays -> b.a.c.b.h:
    java.lang.Object checkElementNotNull(java.lang.Object,int) -> a
    java.lang.Object[] checkElementsNotNull(java.lang.Object[]) -> a
    java.lang.Object[] checkElementsNotNull(java.lang.Object[],int) -> a
    java.lang.Object[] newArray(java.lang.Object[],int) -> b
com.google.common.collect.Platform -> b.a.c.b.i:
    java.lang.Object[] newArray(java.lang.Object[],int) -> a
com.google.common.collect.RegularImmutableList -> b.a.c.b.j:
    java.lang.Object[] array -> c
    com.google.common.collect.ImmutableList EMPTY -> e
    int size -> d
    int copyIntoArray(java.lang.Object[],int) -> a
com.google.common.collect.RegularImmutableSet -> b.a.c.b.k:
    java.lang.Object[] table -> d
    java.lang.Object[] elements -> c
    com.google.common.collect.RegularImmutableSet EMPTY -> h
    int hashCode -> f
    int size -> g
    int mask -> e
    int copyIntoArray(java.lang.Object[],int) -> a
    boolean isPartialView() -> d
    com.google.common.collect.ImmutableList createAsList() -> f
    boolean isHashCodeFast() -> g
com.google.common.collect.Sets -> b.a.c.b.l:
    boolean equalsImpl(java.util.Set,java.lang.Object) -> a
    int hashCodeImpl(java.util.Set) -> a
com.google.common.collect.SingletonImmutableSet -> b.a.c.b.m:
    java.lang.Object element -> c
    int cachedHashCode -> d
    int copyIntoArray(java.lang.Object[],int) -> a
    boolean isPartialView() -> d
    com.google.common.collect.ImmutableList createAsList() -> f
    boolean isHashCodeFast() -> g
com.google.common.collect.UnmodifiableIterator -> b.a.c.b.n:
com.google.common.collect.UnmodifiableListIterator -> b.a.c.b.o:
com.google.common.io.BaseEncoding -> b.a.c.c.a:
    com.google.common.io.BaseEncoding BASE64 -> a
    byte[] decode(java.lang.CharSequence) -> a
    int decodeTo(byte[],java.lang.CharSequence) -> a
    java.lang.String encode(byte[]) -> a
    java.lang.String encode(byte[],int,int) -> a
    void encodeTo(java.lang.Appendable,byte[],int,int) -> a
    byte[] extract(byte[],int) -> a
    int maxDecodedSize(int) -> a
    com.google.common.io.BaseEncoding omitPadding() -> a
    com.google.common.io.BaseEncoding base64() -> b
    byte[] decodeChecked(java.lang.CharSequence) -> b
    int maxEncodedSize(int) -> b
    java.lang.CharSequence trimTrailingPadding(java.lang.CharSequence) -> c
com.google.common.io.BaseEncoding$Alphabet -> b.a.c.c.a$a:
    char[] chars -> b
    boolean[] validPadding -> h
    int bytesPerChunk -> f
    byte[] decodabet -> g
    java.lang.String name -> a
    int bitsPerChar -> d
    int charsPerChunk -> e
    int mask -> c
    char[] access$000(com.google.common.io.BaseEncoding$Alphabet) -> a
    int decode(char) -> a
    char encode(int) -> a
    boolean isValidPaddingStartPosition(int) -> b
    boolean matches(char) -> b
com.google.common.io.BaseEncoding$Base16Encoding -> b.a.c.c.a$b:
    char[] encoding -> d
    int decodeTo(byte[],java.lang.CharSequence) -> a
    void encodeTo(java.lang.Appendable,byte[],int,int) -> a
    com.google.common.io.BaseEncoding newInstance(com.google.common.io.BaseEncoding$Alphabet,java.lang.Character) -> a
com.google.common.io.BaseEncoding$Base64Encoding -> b.a.c.c.a$c:
    int decodeTo(byte[],java.lang.CharSequence) -> a
    void encodeTo(java.lang.Appendable,byte[],int,int) -> a
    com.google.common.io.BaseEncoding newInstance(com.google.common.io.BaseEncoding$Alphabet,java.lang.Character) -> a
com.google.common.io.BaseEncoding$DecodingException -> b.a.c.c.a$d: